2025-08-28T16:49:24.734366Z	Cloning repository...
2025-08-28T16:49:29.898215Z	From https://github.com/CLAYYO/lambcottage2025
2025-08-28T16:49:29.898866Z	 * branch            f8207a470bd657ee9a46cdf2d59bde63564001b9 -> FETCH_HEAD
2025-08-28T16:49:29.899055Z	
2025-08-28T16:49:30.148405Z	HEAD is now at f8207a4 Fix CSRF token session consistency for image uploads
2025-08-28T16:49:30.148813Z	
2025-08-28T16:49:30.227955Z	
2025-08-28T16:49:30.228481Z	Using v2 root directory strategy
2025-08-28T16:49:30.248311Z	Success: Finished cloning repository files
2025-08-28T16:49:32.239032Z	Checking for configuration in a Wrangler configuration file (BETA)
2025-08-28T16:49:32.240127Z	
2025-08-28T16:49:32.241292Z	Found wrangler.toml file. Reading build configuration...
2025-08-28T16:49:33.359718Z	A wrangler.toml file was found but it does not appear to be valid. Did you mean to use wrangler.toml to configure Pages? If so, then make sure the file is valid and contains the `pages_build_output_dir` property. Skipping file and continuing.
2025-08-28T16:49:33.436049Z	Detected the following tools from environment: nodejs@22.16.0, npm@10.9.2
2025-08-28T16:49:33.436731Z	Installing project dependencies: npm clean-install --progress=false
2025-08-28T16:49:41.14487Z	
2025-08-28T16:49:41.145111Z	added 489 packages, and audited 490 packages in 7s
2025-08-28T16:49:41.145283Z	
2025-08-28T16:49:41.145401Z	180 packages are looking for funding
2025-08-28T16:49:41.145505Z	  run `npm fund` for details
2025-08-28T16:49:41.147555Z	
2025-08-28T16:49:41.147781Z	1 high severity vulnerability
2025-08-28T16:49:41.147874Z	
2025-08-28T16:49:41.147959Z	To address all issues, run:
2025-08-28T16:49:41.148119Z	  npm audit fix
2025-08-28T16:49:41.148366Z	
2025-08-28T16:49:41.148763Z	Run `npm audit` for details.
2025-08-28T16:49:41.176776Z	Executing user command: npm run build
2025-08-28T16:49:41.568118Z	
2025-08-28T16:49:41.568337Z	> exotic-ellipse@0.0.1 build
2025-08-28T16:49:41.56849Z	> astro build
2025-08-28T16:49:41.568684Z	
2025-08-28T16:49:43.436485Z	16:49:43 [@astrojs/cloudflare] Enabling sessions with Cloudflare KV with the "SESSION" KV binding.
2025-08-28T16:49:43.436699Z	16:49:43 [@astrojs/cloudflare] If you see the error "Invalid binding `SESSION`" in your build output, you need to add the binding to your wrangler config file.
2025-08-28T16:49:43.492459Z	16:49:43 [WARN] [adapter] Cloudflare does not support sharp at runtime. However, you can configure `imageService: "compile"` to optimize images with sharp on prerendered pages during build time.
2025-08-28T16:49:43.654465Z	16:49:43 [content] Syncing content
2025-08-28T16:49:43.658381Z	16:49:43 [content] Synced content
2025-08-28T16:49:43.658915Z	16:49:43 [types] Generated 156ms
2025-08-28T16:49:43.659274Z	16:49:43 [build] output: "server"
2025-08-28T16:49:43.659468Z	16:49:43 [build] mode: "server"
2025-08-28T16:49:43.659557Z	16:49:43 [build] directory: /opt/buildhome/repo/dist/
2025-08-28T16:49:43.659677Z	16:49:43 [build] adapter: @astrojs/cloudflare
2025-08-28T16:49:43.659936Z	16:49:43 [build] Collecting build info...
2025-08-28T16:49:43.660283Z	16:49:43 [build] âœ“ Completed in 225ms.
2025-08-28T16:49:43.661483Z	16:49:43 [build] Building server entrypoints...
2025-08-28T16:49:44.560819Z	16:49:44 [WARN] [vite] [33m[plugin vite:resolve] Automatically externalized node built-in module "fs/promises" imported from "src/pages/api/content/save.ts". Consider adding it to environments.ssr.external if it is intended.[39m
2025-08-28T16:49:44.56114Z	16:49:44 [WARN] [vite] [33m[plugin vite:resolve] Automatically externalized node built-in module "path" imported from "src/pages/api/content/save.ts". Consider adding it to environments.ssr.external if it is intended.[39m
2025-08-28T16:49:44.566977Z	16:49:44 [WARN] [vite] [33m[plugin vite:resolve] Automatically externalized node built-in module "fs/promises" imported from "src/pages/api/users/reset-password.ts". Consider adding it to environments.ssr.external if it is intended.[39m
2025-08-28T16:49:44.567264Z	16:49:44 [WARN] [vite] [33m[plugin vite:resolve] Automatically externalized node built-in module "path" imported from "src/pages/api/users/reset-password.ts". Consider adding it to environments.ssr.external if it is intended.[39m
2025-08-28T16:49:44.569586Z	16:49:44 [WARN] [vite] [33m[plugin vite:resolve] Automatically externalized node built-in module "fs/promises" imported from "src/pages/api/images/upload.ts". Consider adding it to environments.ssr.external if it is intended.[39m
2025-08-28T16:49:44.569853Z	16:49:44 [WARN] [vite] [33m[plugin vite:resolve] Automatically externalized node built-in module "path" imported from "src/pages/api/images/upload.ts". Consider adding it to environments.ssr.external if it is intended.[39m
2025-08-28T16:49:44.570246Z	16:49:44 [WARN] [vite] [33m[plugin vite:resolve] Automatically externalized node built-in module "crypto" imported from "src/pages/api/images/upload.ts". Consider adding it to environments.ssr.external if it is intended.[39m
2025-08-28T16:49:44.572473Z	16:49:44 [WARN] [vite] [33m[plugin vite:resolve] Automatically externalized node built-in module "fs/promises" imported from "src/pages/api/content/update-field.ts". Consider adding it to environments.ssr.external if it is intended.[39m
2025-08-28T16:49:44.572712Z	16:49:44 [WARN] [vite] [33m[plugin vite:resolve] Automatically externalized node built-in module "path" imported from "src/pages/api/content/update-field.ts". Consider adding it to environments.ssr.external if it is intended.[39m
2025-08-28T16:49:44.575862Z	16:49:44 [WARN] [vite] [33m[plugin vite:resolve] Automatically externalized node built-in module "fs/promises" imported from "src/pages/api/users/manage.ts". Consider adding it to environments.ssr.external if it is intended.[39m
2025-08-28T16:49:44.576047Z	16:49:44 [WARN] [vite] [33m[plugin vite:resolve] Automatically externalized node built-in module "path" imported from "src/pages/api/users/manage.ts". Consider adding it to environments.ssr.external if it is intended.[39m
2025-08-28T16:49:44.578191Z	16:49:44 [WARN] [vite] [33m[plugin vite:resolve] Automatically externalized node built-in module "fs/promises" imported from "src/pages/api/content/backup.ts". Consider adding it to environments.ssr.external if it is intended.[39m
2025-08-28T16:49:44.578342Z	16:49:44 [WARN] [vite] [33m[plugin vite:resolve] Automatically externalized node built-in module "path" imported from "src/pages/api/content/backup.ts". Consider adding it to environments.ssr.external if it is intended.[39m
2025-08-28T16:49:44.582497Z	16:49:44 [WARN] [vite] [33m[plugin vite:resolve] Automatically externalized node built-in module "fs/promises" imported from "src/pages/api/content/load.ts". Consider adding it to environments.ssr.external if it is intended.[39m
2025-08-28T16:49:44.582687Z	16:49:44 [WARN] [vite] [33m[plugin vite:resolve] Automatically externalized node built-in module "path" imported from "src/pages/api/content/load.ts". Consider adding it to environments.ssr.external if it is intended.[39m
2025-08-28T16:49:44.996479Z	16:49:44 [WARN] [vite] [33m[plugin vite:resolve] Automatically externalized node built-in module "fs/promises" imported from "src/lib/content-storage.ts". Consider adding it to environments.ssr.external if it is intended.[39m
2025-08-28T16:49:44.996933Z	16:49:44 [WARN] [vite] [33m[plugin vite:resolve] Automatically externalized node built-in module "path" imported from "src/lib/content-storage.ts". Consider adding it to environments.ssr.external if it is intended.[39m
2025-08-28T16:49:46.401883Z	16:49:46 [WARN] [vite] [33m"createHash" is imported from external module "crypto" but never used in "src/pages/api/images/upload.ts".[39m
2025-08-28T16:49:46.53342Z	16:49:46 [WARN] [vite] [33m[esbuild css minify]
2025-08-28T16:49:46.533678Z	â–² [WARNING] Expected identifier but found "200px" [css-syntax-error]
2025-08-28T16:49:46.534087Z	
2025-08-28T16:49:46.534232Z	    <stdin>:1:3486:
2025-08-28T16:49:46.534502Z	      1 â”‚ ...ia (max-width: 640px){.min-w-[200px]{min-width:100%}}.bg-opacity...
2025-08-28T16:49:46.53463Z	        â•µ                                  ~~~~~
2025-08-28T16:49:46.534707Z	
2025-08-28T16:49:46.534771Z	[39m
2025-08-28T16:49:46.570033Z	16:49:46 [vite] [32mâœ“ built in 2.88s[39m
2025-08-28T16:49:46.570283Z	16:49:46 [build] âœ“ Completed in 2.91s.
2025-08-28T16:49:46.571096Z	
2025-08-28T16:49:46.571227Z	 building client (vite) 
2025-08-28T16:49:46.587324Z	16:49:46 [vite] transforming...
2025-08-28T16:49:46.667812Z	16:49:46 [vite] [32mâœ“[39m 26 modules transformed.
2025-08-28T16:49:46.698233Z	16:49:46 [vite] rendering chunks...
2025-08-28T16:49:46.709287Z	16:49:46 [vite] computing gzip size...
2025-08-28T16:49:46.711135Z	16:49:46 [vite] [2mdist/[22m[2m_astro/[22m[36musers.astro_astro_type_script_index_0_lang.CxO_JRN6.js         [39m[1m[2m 0.04 kB[22m[1m[22m[2m â”‚ gzip: 0.06 kB[22m
2025-08-28T16:49:46.71141Z	16:49:46 [vite] [2mdist/[22m[2m_astro/[22m[36mVisualEditor.astro_astro_type_script_index_0_lang.DAdoTNmX.js  [39m[1m[2m 5.43 kB[22m[1m[22m[2m â”‚ gzip: 1.96 kB[22m
2025-08-28T16:49:46.711595Z	16:49:46 [vite] [2mdist/[22m[2m_astro/[22m[36mClientRouter.astro_astro_type_script_index_0_lang.DZnDNxNb.js  [39m[1m[2m14.84 kB[22m[1m[22m[2m â”‚ gzip: 5.08 kB[22m
2025-08-28T16:49:46.711832Z	16:49:46 [vite] [32mâœ“ built in 138ms[39m
2025-08-28T16:49:46.731835Z	
2025-08-28T16:49:46.732081Z	 prerendering static routes 
2025-08-28T16:49:46.737352Z	16:49:46 â–¶ src/pages/about.astro
2025-08-28T16:49:46.751489Z	16:49:46   â””â”€ /about/index.html (+14ms) 
2025-08-28T16:49:46.752744Z	16:49:46 â–¶ src/pages/attractions.astro
2025-08-28T16:49:46.755379Z	16:49:46   â””â”€ /attractions/index.html (+3ms) 
2025-08-28T16:49:46.756704Z	16:49:46 â–¶ src/pages/contact.astro
2025-08-28T16:49:46.759641Z	16:49:46   â””â”€ /contact/index.html (+3ms) 
2025-08-28T16:49:46.760839Z	16:49:46 â–¶ src/pages/directions.astro
2025-08-28T16:49:46.763475Z	16:49:46   â””â”€ /directions/index.html (+3ms) 
2025-08-28T16:49:46.764653Z	16:49:46 â–¶ src/pages/facilities.astro
2025-08-28T16:49:46.76719Z	16:49:46   â””â”€ /facilities/index.html (+3ms) 
2025-08-28T16:49:46.768535Z	16:49:46 â–¶ src/pages/preview.astro
2025-08-28T16:49:46.771808Z	16:49:46   â””â”€ /preview/index.html (+3ms) 
2025-08-28T16:49:46.772963Z	16:49:46 â–¶ src/pages/reviews.astro
2025-08-28T16:49:46.775248Z	16:49:46   â””â”€ /reviews/index.html (+2ms) 
2025-08-28T16:49:46.776893Z	16:49:46 â–¶ src/pages/static-caravans.astro
2025-08-28T16:49:46.779286Z	16:49:46   â””â”€ /static-caravans/index.html (+2ms) 
2025-08-28T16:49:46.780474Z	16:49:46 â–¶ src/pages/tariff.astro
2025-08-28T16:49:46.783767Z	16:49:46   â””â”€ /tariff/index.html (+3ms) 
2025-08-28T16:49:46.785982Z	16:49:46 â–¶ src/pages/index.astro
2025-08-28T16:49:46.789181Z	16:49:46   â””â”€ /index.html (+3ms) 
2025-08-28T16:49:46.789373Z	16:49:46 âœ“ Completed in 71ms.
2025-08-28T16:49:46.789511Z	
2025-08-28T16:49:46.792561Z	16:49:46 [build] Rearranging server assets...
2025-08-28T16:49:46.798704Z	16:49:46 [build] Server built in 3.36s
2025-08-28T16:49:46.798864Z	16:49:46 [build] Complete!
2025-08-28T16:49:46.845813Z	Finished
2025-08-28T16:49:47.777385Z	Checking for configuration in a Wrangler configuration file (BETA)
2025-08-28T16:49:47.778026Z	
2025-08-28T16:49:47.778711Z	Found wrangler.toml file. Reading build configuration...
2025-08-28T16:49:48.891281Z	A wrangler.toml file was found but it does not appear to be valid. Did you mean to use wrangler.toml to configure Pages? If so, then make sure the file is valid and contains the `pages_build_output_dir` property. Skipping file and continuing.
2025-08-28T16:49:48.891915Z	Found _worker.js in output directory. Uploading.
2025-08-28T16:49:48.897827Z	 â›…ï¸ wrangler 3.101.0
2025-08-28T16:49:48.89803Z	-------------------
2025-08-28T16:49:49.793933Z	Attaching additional modules:
2025-08-28T16:49:49.816109Z	â”Œâ”€â”€â”€â”€â”€â”€â”€â”€â”€â”€â”€â”€â”€â”€â”€â”€â”€â”€â”€â”€â”€â”€â”€â”€â”€â”€â”€â”€â”€â”€â”€â”€â”€â”€â”€â”€â”€â”€â”€â”€â”€â”€â”€â”€â”€â”€â”€â”€â”¬â”€â”€â”€â”€â”€â”€â”¬â”€â”€â”€â”€â”€â”€â”€â”€â”€â”€â”€â”€â”
2025-08-28T16:49:49.81644Z	â”‚ Name                                           â”‚ Type â”‚ Size       â”‚
2025-08-28T16:49:49.8166Z	â”œâ”€â”€â”€â”€â”€â”€â”€â”€â”€â”€â”€â”€â”€â”€â”€â”€â”€â”€â”€â”€â”€â”€â”€â”€â”€â”€â”€â”€â”€â”€â”€â”€â”€â”€â”€â”€â”€â”€â”€â”€â”€â”€â”€â”€â”€â”€â”€â”€â”¼â”€â”€â”€â”€â”€â”€â”¼â”€â”€â”€â”€â”€â”€â”€â”€â”€â”€â”€â”€â”¤
2025-08-28T16:49:49.816854Z	â”‚ _@astrojs-ssr-adapter.mjs                      â”‚ esm  â”‚ 0.14 KiB   â”‚
2025-08-28T16:49:49.817093Z	â”œâ”€â”€â”€â”€â”€â”€â”€â”€â”€â”€â”€â”€â”€â”€â”€â”€â”€â”€â”€â”€â”€â”€â”€â”€â”€â”€â”€â”€â”€â”€â”€â”€â”€â”€â”€â”€â”€â”€â”€â”€â”€â”€â”€â”€â”€â”€â”€â”€â”¼â”€â”€â”€â”€â”€â”€â”¼â”€â”€â”€â”€â”€â”€â”€â”€â”€â”€â”€â”€â”¤
2025-08-28T16:49:49.817271Z	â”‚ _astro-internal_middleware.mjs                 â”‚ esm  â”‚ 0.45 KiB   â”‚
2025-08-28T16:49:49.817428Z	â”œâ”€â”€â”€â”€â”€â”€â”€â”€â”€â”€â”€â”€â”€â”€â”€â”€â”€â”€â”€â”€â”€â”€â”€â”€â”€â”€â”€â”€â”€â”€â”€â”€â”€â”€â”€â”€â”€â”€â”€â”€â”€â”€â”€â”€â”€â”€â”€â”€â”¼â”€â”€â”€â”€â”€â”€â”¼â”€â”€â”€â”€â”€â”€â”€â”€â”€â”€â”€â”€â”¤
2025-08-28T16:49:49.81759Z	â”‚ _noop-actions.mjs                              â”‚ esm  â”‚ 0.09 KiB   â”‚
2025-08-28T16:49:49.81784Z	â”œâ”€â”€â”€â”€â”€â”€â”€â”€â”€â”€â”€â”€â”€â”€â”€â”€â”€â”€â”€â”€â”€â”€â”€â”€â”€â”€â”€â”€â”€â”€â”€â”€â”€â”€â”€â”€â”€â”€â”€â”€â”€â”€â”€â”€â”€â”€â”€â”€â”¼â”€â”€â”€â”€â”€â”€â”¼â”€â”€â”€â”€â”€â”€â”€â”€â”€â”€â”€â”€â”¤
2025-08-28T16:49:49.817991Z	â”‚ chunks/AdminLayout_CK7Tyx8p.mjs                â”‚ esm  â”‚ 3.41 KiB   â”‚
2025-08-28T16:49:49.818207Z	â”œâ”€â”€â”€â”€â”€â”€â”€â”€â”€â”€â”€â”€â”€â”€â”€â”€â”€â”€â”€â”€â”€â”€â”€â”€â”€â”€â”€â”€â”€â”€â”€â”€â”€â”€â”€â”€â”€â”€â”€â”€â”€â”€â”€â”€â”€â”€â”€â”€â”¼â”€â”€â”€â”€â”€â”€â”¼â”€â”€â”€â”€â”€â”€â”€â”€â”€â”€â”€â”€â”¤
2025-08-28T16:49:49.818418Z	â”‚ chunks/BaseLayout_CDalUQSz.mjs                 â”‚ esm  â”‚ 9.66 KiB   â”‚
2025-08-28T16:49:49.818512Z	â”œâ”€â”€â”€â”€â”€â”€â”€â”€â”€â”€â”€â”€â”€â”€â”€â”€â”€â”€â”€â”€â”€â”€â”€â”€â”€â”€â”€â”€â”€â”€â”€â”€â”€â”€â”€â”€â”€â”€â”€â”€â”€â”€â”€â”€â”€â”€â”€â”€â”¼â”€â”€â”€â”€â”€â”€â”¼â”€â”€â”€â”€â”€â”€â”€â”€â”€â”€â”€â”€â”¤
2025-08-28T16:49:49.81865Z	â”‚ chunks/VisualEditor_MbYDBMeb.mjs               â”‚ esm  â”‚ 4.00 KiB   â”‚
2025-08-28T16:49:49.818816Z	â”œâ”€â”€â”€â”€â”€â”€â”€â”€â”€â”€â”€â”€â”€â”€â”€â”€â”€â”€â”€â”€â”€â”€â”€â”€â”€â”€â”€â”€â”€â”€â”€â”€â”€â”€â”€â”€â”€â”€â”€â”€â”€â”€â”€â”€â”€â”€â”€â”€â”¼â”€â”€â”€â”€â”€â”€â”¼â”€â”€â”€â”€â”€â”€â”€â”€â”€â”€â”€â”€â”¤
2025-08-28T16:49:49.818963Z	â”‚ chunks/_@astrojs-ssr-adapter_HxnHV0Wc.mjs      â”‚ esm  â”‚ 34.71 KiB  â”‚
2025-08-28T16:49:49.819099Z	â”œâ”€â”€â”€â”€â”€â”€â”€â”€â”€â”€â”€â”€â”€â”€â”€â”€â”€â”€â”€â”€â”€â”€â”€â”€â”€â”€â”€â”€â”€â”€â”€â”€â”€â”€â”€â”€â”€â”€â”€â”€â”€â”€â”€â”€â”€â”€â”€â”€â”¼â”€â”€â”€â”€â”€â”€â”¼â”€â”€â”€â”€â”€â”€â”€â”€â”€â”€â”€â”€â”¤
2025-08-28T16:49:49.819245Z	â”‚ chunks/astro/server_BU1OvrdK.mjs               â”‚ esm  â”‚ 245.15 KiB â”‚
2025-08-28T16:49:49.819376Z	â”œâ”€â”€â”€â”€â”€â”€â”€â”€â”€â”€â”€â”€â”€â”€â”€â”€â”€â”€â”€â”€â”€â”€â”€â”€â”€â”€â”€â”€â”€â”€â”€â”€â”€â”€â”€â”€â”€â”€â”€â”€â”€â”€â”€â”€â”€â”€â”€â”€â”¼â”€â”€â”€â”€â”€â”€â”¼â”€â”€â”€â”€â”€â”€â”€â”€â”€â”€â”€â”€â”¤
2025-08-28T16:49:49.819469Z	â”‚ chunks/astro-designed-error-pages_B8QCIDOB.mjs â”‚ esm  â”‚ 46.57 KiB  â”‚
2025-08-28T16:49:49.819605Z	â”œâ”€â”€â”€â”€â”€â”€â”€â”€â”€â”€â”€â”€â”€â”€â”€â”€â”€â”€â”€â”€â”€â”€â”€â”€â”€â”€â”€â”€â”€â”€â”€â”€â”€â”€â”€â”€â”€â”€â”€â”€â”€â”€â”€â”€â”€â”€â”€â”€â”¼â”€â”€â”€â”€â”€â”€â”¼â”€â”€â”€â”€â”€â”€â”€â”€â”€â”€â”€â”€â”¤
2025-08-28T16:49:49.819738Z	â”‚ chunks/auth_CMHZ5BdS.mjs                       â”‚ esm  â”‚ 0.40 KiB   â”‚
2025-08-28T16:49:49.81987Z	â”œâ”€â”€â”€â”€â”€â”€â”€â”€â”€â”€â”€â”€â”€â”€â”€â”€â”€â”€â”€â”€â”€â”€â”€â”€â”€â”€â”€â”€â”€â”€â”€â”€â”€â”€â”€â”€â”€â”€â”€â”€â”€â”€â”€â”€â”€â”€â”€â”€â”¼â”€â”€â”€â”€â”€â”€â”¼â”€â”€â”€â”€â”€â”€â”€â”€â”€â”€â”€â”€â”¤
2025-08-28T16:49:49.819999Z	â”‚ chunks/auth_ffkXq4om.mjs                       â”‚ esm  â”‚ 5.11 KiB   â”‚
2025-08-28T16:49:49.820158Z	â”œâ”€â”€â”€â”€â”€â”€â”€â”€â”€â”€â”€â”€â”€â”€â”€â”€â”€â”€â”€â”€â”€â”€â”€â”€â”€â”€â”€â”€â”€â”€â”€â”€â”€â”€â”€â”€â”€â”€â”€â”€â”€â”€â”€â”€â”€â”€â”€â”€â”¼â”€â”€â”€â”€â”€â”€â”¼â”€â”€â”€â”€â”€â”€â”€â”€â”€â”€â”€â”€â”¤
2025-08-28T16:49:49.820285Z	â”‚ chunks/cloudflare-kv-binding_DMly_2Gl.mjs      â”‚ esm  â”‚ 2.94 KiB   â”‚
2025-08-28T16:49:49.82043Z	â”œâ”€â”€â”€â”€â”€â”€â”€â”€â”€â”€â”€â”€â”€â”€â”€â”€â”€â”€â”€â”€â”€â”€â”€â”€â”€â”€â”€â”€â”€â”€â”€â”€â”€â”€â”€â”€â”€â”€â”€â”€â”€â”€â”€â”€â”€â”€â”€â”€â”¼â”€â”€â”€â”€â”€â”€â”¼â”€â”€â”€â”€â”€â”€â”€â”€â”€â”€â”€â”€â”¤
2025-08-28T16:49:49.820803Z	â”‚ chunks/content-storage_D4FO4AFL.mjs            â”‚ esm  â”‚ 13.02 KiB  â”‚
2025-08-28T16:49:49.821047Z	â”œâ”€â”€â”€â”€â”€â”€â”€â”€â”€â”€â”€â”€â”€â”€â”€â”€â”€â”€â”€â”€â”€â”€â”€â”€â”€â”€â”€â”€â”€â”€â”€â”€â”€â”€â”€â”€â”€â”€â”€â”€â”€â”€â”€â”€â”€â”€â”€â”€â”¼â”€â”€â”€â”€â”€â”€â”¼â”€â”€â”€â”€â”€â”€â”€â”€â”€â”€â”€â”€â”¤
2025-08-28T16:49:49.821289Z	â”‚ chunks/index_BsN2dqci.mjs                      â”‚ esm  â”‚ 102.40 KiB â”‚
2025-08-28T16:49:49.822145Z	â”œâ”€â”€â”€â”€â”€â”€â”€â”€â”€â”€â”€â”€â”€â”€â”€â”€â”€â”€â”€â”€â”€â”€â”€â”€â”€â”€â”€â”€â”€â”€â”€â”€â”€â”€â”€â”€â”€â”€â”€â”€â”€â”€â”€â”€â”€â”€â”€â”€â”¼â”€â”€â”€â”€â”€â”€â”¼â”€â”€â”€â”€â”€â”€â”€â”€â”€â”€â”€â”€â”¤
2025-08-28T16:49:49.8228Z	â”‚ chunks/load_exY__EQa.mjs                       â”‚ esm  â”‚ 8.25 KiB   â”‚
2025-08-28T16:49:49.823087Z	â”œâ”€â”€â”€â”€â”€â”€â”€â”€â”€â”€â”€â”€â”€â”€â”€â”€â”€â”€â”€â”€â”€â”€â”€â”€â”€â”€â”€â”€â”€â”€â”€â”€â”€â”€â”€â”€â”€â”€â”€â”€â”€â”€â”€â”€â”€â”€â”€â”€â”¼â”€â”€â”€â”€â”€â”€â”¼â”€â”€â”€â”€â”€â”€â”€â”€â”€â”€â”€â”€â”¤
2025-08-28T16:49:49.823287Z	â”‚ chunks/noop-middleware_BaQjR_VB.mjs            â”‚ esm  â”‚ 0.33 KiB   â”‚
2025-08-28T16:49:49.823376Z	â”œâ”€â”€â”€â”€â”€â”€â”€â”€â”€â”€â”€â”€â”€â”€â”€â”€â”€â”€â”€â”€â”€â”€â”€â”€â”€â”€â”€â”€â”€â”€â”€â”€â”€â”€â”€â”€â”€â”€â”€â”€â”€â”€â”€â”€â”€â”€â”€â”€â”¼â”€â”€â”€â”€â”€â”€â”¼â”€â”€â”€â”€â”€â”€â”€â”€â”€â”€â”€â”€â”¤
2025-08-28T16:49:49.823476Z	â”‚ chunks/security_Q4l0rWrw.mjs                   â”‚ esm  â”‚ 8.22 KiB   â”‚
2025-08-28T16:49:49.82359Z	â”œâ”€â”€â”€â”€â”€â”€â”€â”€â”€â”€â”€â”€â”€â”€â”€â”€â”€â”€â”€â”€â”€â”€â”€â”€â”€â”€â”€â”€â”€â”€â”€â”€â”€â”€â”€â”€â”€â”€â”€â”€â”€â”€â”€â”€â”€â”€â”€â”€â”¼â”€â”€â”€â”€â”€â”€â”¼â”€â”€â”€â”€â”€â”€â”€â”€â”€â”€â”€â”€â”¤
2025-08-28T16:49:49.823723Z	â”‚ chunks/site-content_CI5_cZ-k.mjs               â”‚ esm  â”‚ 3.12 KiB   â”‚
2025-08-28T16:49:49.823854Z	â”œâ”€â”€â”€â”€â”€â”€â”€â”€â”€â”€â”€â”€â”€â”€â”€â”€â”€â”€â”€â”€â”€â”€â”€â”€â”€â”€â”€â”€â”€â”€â”€â”€â”€â”€â”€â”€â”€â”€â”€â”€â”€â”€â”€â”€â”€â”€â”€â”€â”¼â”€â”€â”€â”€â”€â”€â”¼â”€â”€â”€â”€â”€â”€â”€â”€â”€â”€â”€â”€â”¤
2025-08-28T16:49:49.824023Z	â”‚ manifest_BKJRuzsS.mjs                          â”‚ esm  â”‚ 90.26 KiB  â”‚
2025-08-28T16:49:49.82416Z	â”œâ”€â”€â”€â”€â”€â”€â”€â”€â”€â”€â”€â”€â”€â”€â”€â”€â”€â”€â”€â”€â”€â”€â”€â”€â”€â”€â”€â”€â”€â”€â”€â”€â”€â”€â”€â”€â”€â”€â”€â”€â”€â”€â”€â”€â”€â”€â”€â”€â”¼â”€â”€â”€â”€â”€â”€â”¼â”€â”€â”€â”€â”€â”€â”€â”€â”€â”€â”€â”€â”¤
2025-08-28T16:49:49.824394Z	â”‚ pages/_image.astro.mjs                         â”‚ esm  â”‚ 0.60 KiB   â”‚
2025-08-28T16:49:49.824618Z	â”œâ”€â”€â”€â”€â”€â”€â”€â”€â”€â”€â”€â”€â”€â”€â”€â”€â”€â”€â”€â”€â”€â”€â”€â”€â”€â”€â”€â”€â”€â”€â”€â”€â”€â”€â”€â”€â”€â”€â”€â”€â”€â”€â”€â”€â”€â”€â”€â”€â”¼â”€â”€â”€â”€â”€â”€â”¼â”€â”€â”€â”€â”€â”€â”€â”€â”€â”€â”€â”€â”¤
2025-08-28T16:49:49.824974Z	â”‚ pages/about.astro.mjs                          â”‚ esm  â”‚ 0.06 KiB   â”‚
2025-08-28T16:49:49.825203Z	â”œâ”€â”€â”€â”€â”€â”€â”€â”€â”€â”€â”€â”€â”€â”€â”€â”€â”€â”€â”€â”€â”€â”€â”€â”€â”€â”€â”€â”€â”€â”€â”€â”€â”€â”€â”€â”€â”€â”€â”€â”€â”€â”€â”€â”€â”€â”€â”€â”€â”¼â”€â”€â”€â”€â”€â”€â”¼â”€â”€â”€â”€â”€â”€â”€â”€â”€â”€â”€â”€â”¤
2025-08-28T16:49:49.825294Z	â”‚ pages/admin/content.astro.mjs                  â”‚ esm  â”‚ 50.72 KiB  â”‚
2025-08-28T16:49:49.825436Z	â”œâ”€â”€â”€â”€â”€â”€â”€â”€â”€â”€â”€â”€â”€â”€â”€â”€â”€â”€â”€â”€â”€â”€â”€â”€â”€â”€â”€â”€â”€â”€â”€â”€â”€â”€â”€â”€â”€â”€â”€â”€â”€â”€â”€â”€â”€â”€â”€â”€â”¼â”€â”€â”€â”€â”€â”€â”¼â”€â”€â”€â”€â”€â”€â”€â”€â”€â”€â”€â”€â”¤
2025-08-28T16:49:49.825564Z	â”‚ pages/admin/emails.astro.mjs                   â”‚ esm  â”‚ 13.38 KiB  â”‚
2025-08-28T16:49:49.82573Z	â”œâ”€â”€â”€â”€â”€â”€â”€â”€â”€â”€â”€â”€â”€â”€â”€â”€â”€â”€â”€â”€â”€â”€â”€â”€â”€â”€â”€â”€â”€â”€â”€â”€â”€â”€â”€â”€â”€â”€â”€â”€â”€â”€â”€â”€â”€â”€â”€â”€â”¼â”€â”€â”€â”€â”€â”€â”¼â”€â”€â”€â”€â”€â”€â”€â”€â”€â”€â”€â”€â”¤
2025-08-28T16:49:49.825828Z	â”‚ pages/admin/images.astro.mjs                   â”‚ esm  â”‚ 36.40 KiB  â”‚
2025-08-28T16:49:49.825923Z	â”œâ”€â”€â”€â”€â”€â”€â”€â”€â”€â”€â”€â”€â”€â”€â”€â”€â”€â”€â”€â”€â”€â”€â”€â”€â”€â”€â”€â”€â”€â”€â”€â”€â”€â”€â”€â”€â”€â”€â”€â”€â”€â”€â”€â”€â”€â”€â”€â”€â”¼â”€â”€â”€â”€â”€â”€â”¼â”€â”€â”€â”€â”€â”€â”€â”€â”€â”€â”€â”€â”¤
2025-08-28T16:49:49.826033Z	â”‚ pages/admin/login.astro.mjs                    â”‚ esm  â”‚ 6.86 KiB   â”‚
2025-08-28T16:49:49.826146Z	â”œâ”€â”€â”€â”€â”€â”€â”€â”€â”€â”€â”€â”€â”€â”€â”€â”€â”€â”€â”€â”€â”€â”€â”€â”€â”€â”€â”€â”€â”€â”€â”€â”€â”€â”€â”€â”€â”€â”€â”€â”€â”€â”€â”€â”€â”€â”€â”€â”€â”¼â”€â”€â”€â”€â”€â”€â”¼â”€â”€â”€â”€â”€â”€â”€â”€â”€â”€â”€â”€â”¤
2025-08-28T16:49:49.826263Z	â”‚ pages/admin/pages.astro.mjs                    â”‚ esm  â”‚ 18.93 KiB  â”‚
2025-08-28T16:49:49.826399Z	â”œâ”€â”€â”€â”€â”€â”€â”€â”€â”€â”€â”€â”€â”€â”€â”€â”€â”€â”€â”€â”€â”€â”€â”€â”€â”€â”€â”€â”€â”€â”€â”€â”€â”€â”€â”€â”€â”€â”€â”€â”€â”€â”€â”€â”€â”€â”€â”€â”€â”¼â”€â”€â”€â”€â”€â”€â”¼â”€â”€â”€â”€â”€â”€â”€â”€â”€â”€â”€â”€â”¤
2025-08-28T16:49:49.826522Z	â”‚ pages/admin/reviews.astro.mjs                  â”‚ esm  â”‚ 7.60 KiB   â”‚
2025-08-28T16:49:49.826654Z	â”œâ”€â”€â”€â”€â”€â”€â”€â”€â”€â”€â”€â”€â”€â”€â”€â”€â”€â”€â”€â”€â”€â”€â”€â”€â”€â”€â”€â”€â”€â”€â”€â”€â”€â”€â”€â”€â”€â”€â”€â”€â”€â”€â”€â”€â”€â”€â”€â”€â”¼â”€â”€â”€â”€â”€â”€â”¼â”€â”€â”€â”€â”€â”€â”€â”€â”€â”€â”€â”€â”¤
2025-08-28T16:49:49.826763Z	â”‚ pages/admin/settings.astro.mjs                 â”‚ esm  â”‚ 6.40 KiB   â”‚
2025-08-28T16:49:49.826881Z	â”œâ”€â”€â”€â”€â”€â”€â”€â”€â”€â”€â”€â”€â”€â”€â”€â”€â”€â”€â”€â”€â”€â”€â”€â”€â”€â”€â”€â”€â”€â”€â”€â”€â”€â”€â”€â”€â”€â”€â”€â”€â”€â”€â”€â”€â”€â”€â”€â”€â”¼â”€â”€â”€â”€â”€â”€â”¼â”€â”€â”€â”€â”€â”€â”€â”€â”€â”€â”€â”€â”¤
2025-08-28T16:49:49.826988Z	â”‚ pages/admin/users.astro.mjs                    â”‚ esm  â”‚ 36.19 KiB  â”‚
2025-08-28T16:49:49.827113Z	â”œâ”€â”€â”€â”€â”€â”€â”€â”€â”€â”€â”€â”€â”€â”€â”€â”€â”€â”€â”€â”€â”€â”€â”€â”€â”€â”€â”€â”€â”€â”€â”€â”€â”€â”€â”€â”€â”€â”€â”€â”€â”€â”€â”€â”€â”€â”€â”€â”€â”¼â”€â”€â”€â”€â”€â”€â”¼â”€â”€â”€â”€â”€â”€â”€â”€â”€â”€â”€â”€â”¤
2025-08-28T16:49:49.827232Z	â”‚ pages/admin.astro.mjs                          â”‚ esm  â”‚ 6.51 KiB   â”‚
2025-08-28T16:49:49.82733Z	â”œâ”€â”€â”€â”€â”€â”€â”€â”€â”€â”€â”€â”€â”€â”€â”€â”€â”€â”€â”€â”€â”€â”€â”€â”€â”€â”€â”€â”€â”€â”€â”€â”€â”€â”€â”€â”€â”€â”€â”€â”€â”€â”€â”€â”€â”€â”€â”€â”€â”¼â”€â”€â”€â”€â”€â”€â”¼â”€â”€â”€â”€â”€â”€â”€â”€â”€â”€â”€â”€â”¤
2025-08-28T16:49:49.827425Z	â”‚ pages/api/auth/csrf.astro.mjs                  â”‚ esm  â”‚ 1.42 KiB   â”‚
2025-08-28T16:49:49.827508Z	â”œâ”€â”€â”€â”€â”€â”€â”€â”€â”€â”€â”€â”€â”€â”€â”€â”€â”€â”€â”€â”€â”€â”€â”€â”€â”€â”€â”€â”€â”€â”€â”€â”€â”€â”€â”€â”€â”€â”€â”€â”€â”€â”€â”€â”€â”€â”€â”€â”€â”¼â”€â”€â”€â”€â”€â”€â”¼â”€â”€â”€â”€â”€â”€â”€â”€â”€â”€â”€â”€â”¤
2025-08-28T16:49:49.827607Z	â”‚ pages/api/auth/login.astro.mjs                 â”‚ esm  â”‚ 3.04 KiB   â”‚
2025-08-28T16:49:49.827717Z	â”œâ”€â”€â”€â”€â”€â”€â”€â”€â”€â”€â”€â”€â”€â”€â”€â”€â”€â”€â”€â”€â”€â”€â”€â”€â”€â”€â”€â”€â”€â”€â”€â”€â”€â”€â”€â”€â”€â”€â”€â”€â”€â”€â”€â”€â”€â”€â”€â”€â”¼â”€â”€â”€â”€â”€â”€â”¼â”€â”€â”€â”€â”€â”€â”€â”€â”€â”€â”€â”€â”¤
2025-08-28T16:49:49.827816Z	â”‚ pages/api/auth/logout.astro.mjs                â”‚ esm  â”‚ 0.89 KiB   â”‚
2025-08-28T16:49:49.827912Z	â”œâ”€â”€â”€â”€â”€â”€â”€â”€â”€â”€â”€â”€â”€â”€â”€â”€â”€â”€â”€â”€â”€â”€â”€â”€â”€â”€â”€â”€â”€â”€â”€â”€â”€â”€â”€â”€â”€â”€â”€â”€â”€â”€â”€â”€â”€â”€â”€â”€â”¼â”€â”€â”€â”€â”€â”€â”¼â”€â”€â”€â”€â”€â”€â”€â”€â”€â”€â”€â”€â”¤
2025-08-28T16:49:49.828041Z	â”‚ pages/api/auth/me.astro.mjs                    â”‚ esm  â”‚ 1.19 KiB   â”‚
2025-08-28T16:49:49.828165Z	â”œâ”€â”€â”€â”€â”€â”€â”€â”€â”€â”€â”€â”€â”€â”€â”€â”€â”€â”€â”€â”€â”€â”€â”€â”€â”€â”€â”€â”€â”€â”€â”€â”€â”€â”€â”€â”€â”€â”€â”€â”€â”€â”€â”€â”€â”€â”€â”€â”€â”¼â”€â”€â”€â”€â”€â”€â”¼â”€â”€â”€â”€â”€â”€â”€â”€â”€â”€â”€â”€â”¤
2025-08-28T16:49:49.828317Z	â”‚ pages/api/contact.astro.mjs                    â”‚ esm  â”‚ 2.10 KiB   â”‚
2025-08-28T16:49:49.82848Z	â”œâ”€â”€â”€â”€â”€â”€â”€â”€â”€â”€â”€â”€â”€â”€â”€â”€â”€â”€â”€â”€â”€â”€â”€â”€â”€â”€â”€â”€â”€â”€â”€â”€â”€â”€â”€â”€â”€â”€â”€â”€â”€â”€â”€â”€â”€â”€â”€â”€â”¼â”€â”€â”€â”€â”€â”€â”¼â”€â”€â”€â”€â”€â”€â”€â”€â”€â”€â”€â”€â”¤
2025-08-28T16:49:49.828566Z	â”‚ pages/api/content/_type_.astro.mjs             â”‚ esm  â”‚ 4.19 KiB   â”‚
2025-08-28T16:49:49.828722Z	â”œâ”€â”€â”€â”€â”€â”€â”€â”€â”€â”€â”€â”€â”€â”€â”€â”€â”€â”€â”€â”€â”€â”€â”€â”€â”€â”€â”€â”€â”€â”€â”€â”€â”€â”€â”€â”€â”€â”€â”€â”€â”€â”€â”€â”€â”€â”€â”€â”€â”¼â”€â”€â”€â”€â”€â”€â”¼â”€â”€â”€â”€â”€â”€â”€â”€â”€â”€â”€â”€â”¤
2025-08-28T16:49:49.828869Z	â”‚ pages/api/content/backup.astro.mjs             â”‚ esm  â”‚ 8.45 KiB   â”‚
2025-08-28T16:49:49.828992Z	â”œâ”€â”€â”€â”€â”€â”€â”€â”€â”€â”€â”€â”€â”€â”€â”€â”€â”€â”€â”€â”€â”€â”€â”€â”€â”€â”€â”€â”€â”€â”€â”€â”€â”€â”€â”€â”€â”€â”€â”€â”€â”€â”€â”€â”€â”€â”€â”€â”€â”¼â”€â”€â”€â”€â”€â”€â”¼â”€â”€â”€â”€â”€â”€â”€â”€â”€â”€â”€â”€â”¤
2025-08-28T16:49:49.829088Z	â”‚ pages/api/content/load.astro.mjs               â”‚ esm  â”‚ 0.21 KiB   â”‚
2025-08-28T16:49:49.829177Z	â”œâ”€â”€â”€â”€â”€â”€â”€â”€â”€â”€â”€â”€â”€â”€â”€â”€â”€â”€â”€â”€â”€â”€â”€â”€â”€â”€â”€â”€â”€â”€â”€â”€â”€â”€â”€â”€â”€â”€â”€â”€â”€â”€â”€â”€â”€â”€â”€â”€â”¼â”€â”€â”€â”€â”€â”€â”¼â”€â”€â”€â”€â”€â”€â”€â”€â”€â”€â”€â”€â”¤
2025-08-28T16:49:49.829243Z	â”‚ pages/api/content/save.astro.mjs               â”‚ esm  â”‚ 4.59 KiB   â”‚
2025-08-28T16:49:49.829301Z	â”œâ”€â”€â”€â”€â”€â”€â”€â”€â”€â”€â”€â”€â”€â”€â”€â”€â”€â”€â”€â”€â”€â”€â”€â”€â”€â”€â”€â”€â”€â”€â”€â”€â”€â”€â”€â”€â”€â”€â”€â”€â”€â”€â”€â”€â”€â”€â”€â”€â”¼â”€â”€â”€â”€â”€â”€â”¼â”€â”€â”€â”€â”€â”€â”€â”€â”€â”€â”€â”€â”¤
2025-08-28T16:49:49.829405Z	â”‚ pages/api/content/update-field.astro.mjs       â”‚ esm  â”‚ 4.35 KiB   â”‚
2025-08-28T16:49:49.829499Z	â”œâ”€â”€â”€â”€â”€â”€â”€â”€â”€â”€â”€â”€â”€â”€â”€â”€â”€â”€â”€â”€â”€â”€â”€â”€â”€â”€â”€â”€â”€â”€â”€â”€â”€â”€â”€â”€â”€â”€â”€â”€â”€â”€â”€â”€â”€â”€â”€â”€â”¼â”€â”€â”€â”€â”€â”€â”¼â”€â”€â”€â”€â”€â”€â”€â”€â”€â”€â”€â”€â”¤
2025-08-28T16:49:49.829566Z	â”‚ pages/api/debug/auth.astro.mjs                 â”‚ esm  â”‚ 2.68 KiB   â”‚
2025-08-28T16:49:49.829681Z	â”œâ”€â”€â”€â”€â”€â”€â”€â”€â”€â”€â”€â”€â”€â”€â”€â”€â”€â”€â”€â”€â”€â”€â”€â”€â”€â”€â”€â”€â”€â”€â”€â”€â”€â”€â”€â”€â”€â”€â”€â”€â”€â”€â”€â”€â”€â”€â”€â”€â”¼â”€â”€â”€â”€â”€â”€â”¼â”€â”€â”€â”€â”€â”€â”€â”€â”€â”€â”€â”€â”¤
2025-08-28T16:49:49.829835Z	â”‚ pages/api/debug/env.astro.mjs                  â”‚ esm  â”‚ 0.29 KiB   â”‚
2025-08-28T16:49:49.829916Z	â”œâ”€â”€â”€â”€â”€â”€â”€â”€â”€â”€â”€â”€â”€â”€â”€â”€â”€â”€â”€â”€â”€â”€â”€â”€â”€â”€â”€â”€â”€â”€â”€â”€â”€â”€â”€â”€â”€â”€â”€â”€â”€â”€â”€â”€â”€â”€â”€â”€â”¼â”€â”€â”€â”€â”€â”€â”¼â”€â”€â”€â”€â”€â”€â”€â”€â”€â”€â”€â”€â”¤
2025-08-28T16:49:49.830011Z	â”‚ pages/api/images/upload.astro.mjs              â”‚ esm  â”‚ 8.08 KiB   â”‚
2025-08-28T16:49:49.830123Z	â”œâ”€â”€â”€â”€â”€â”€â”€â”€â”€â”€â”€â”€â”€â”€â”€â”€â”€â”€â”€â”€â”€â”€â”€â”€â”€â”€â”€â”€â”€â”€â”€â”€â”€â”€â”€â”€â”€â”€â”€â”€â”€â”€â”€â”€â”€â”€â”€â”€â”¼â”€â”€â”€â”€â”€â”€â”¼â”€â”€â”€â”€â”€â”€â”€â”€â”€â”€â”€â”€â”¤
2025-08-28T16:49:49.830246Z	â”‚ pages/api/reviews/tripadvisor.astro.mjs        â”‚ esm  â”‚ 2.61 KiB   â”‚
2025-08-28T16:49:49.830401Z	â”œâ”€â”€â”€â”€â”€â”€â”€â”€â”€â”€â”€â”€â”€â”€â”€â”€â”€â”€â”€â”€â”€â”€â”€â”€â”€â”€â”€â”€â”€â”€â”€â”€â”€â”€â”€â”€â”€â”€â”€â”€â”€â”€â”€â”€â”€â”€â”€â”€â”¼â”€â”€â”€â”€â”€â”€â”¼â”€â”€â”€â”€â”€â”€â”€â”€â”€â”€â”€â”€â”¤
2025-08-28T16:49:49.830525Z	â”‚ pages/api/users/manage.astro.mjs               â”‚ esm  â”‚ 10.35 KiB  â”‚
2025-08-28T16:49:49.830631Z	â”œâ”€â”€â”€â”€â”€â”€â”€â”€â”€â”€â”€â”€â”€â”€â”€â”€â”€â”€â”€â”€â”€â”€â”€â”€â”€â”€â”€â”€â”€â”€â”€â”€â”€â”€â”€â”€â”€â”€â”€â”€â”€â”€â”€â”€â”€â”€â”€â”€â”¼â”€â”€â”€â”€â”€â”€â”¼â”€â”€â”€â”€â”€â”€â”€â”€â”€â”€â”€â”€â”¤
2025-08-28T16:49:49.830696Z	â”‚ pages/api/users/reset-password.astro.mjs       â”‚ esm  â”‚ 3.28 KiB   â”‚
2025-08-28T16:49:49.830786Z	â”œâ”€â”€â”€â”€â”€â”€â”€â”€â”€â”€â”€â”€â”€â”€â”€â”€â”€â”€â”€â”€â”€â”€â”€â”€â”€â”€â”€â”€â”€â”€â”€â”€â”€â”€â”€â”€â”€â”€â”€â”€â”€â”€â”€â”€â”€â”€â”€â”€â”¼â”€â”€â”€â”€â”€â”€â”¼â”€â”€â”€â”€â”€â”€â”€â”€â”€â”€â”€â”€â”¤
2025-08-28T16:49:49.831279Z	â”‚ pages/attractions.astro.mjs                    â”‚ esm  â”‚ 0.06 KiB   â”‚
2025-08-28T16:49:49.831437Z	â”œâ”€â”€â”€â”€â”€â”€â”€â”€â”€â”€â”€â”€â”€â”€â”€â”€â”€â”€â”€â”€â”€â”€â”€â”€â”€â”€â”€â”€â”€â”€â”€â”€â”€â”€â”€â”€â”€â”€â”€â”€â”€â”€â”€â”€â”€â”€â”€â”€â”¼â”€â”€â”€â”€â”€â”€â”¼â”€â”€â”€â”€â”€â”€â”€â”€â”€â”€â”€â”€â”¤
2025-08-28T16:49:49.83162Z	â”‚ pages/contact.astro.mjs                        â”‚ esm  â”‚ 0.06 KiB   â”‚
2025-08-28T16:49:49.831769Z	â”œâ”€â”€â”€â”€â”€â”€â”€â”€â”€â”€â”€â”€â”€â”€â”€â”€â”€â”€â”€â”€â”€â”€â”€â”€â”€â”€â”€â”€â”€â”€â”€â”€â”€â”€â”€â”€â”€â”€â”€â”€â”€â”€â”€â”€â”€â”€â”€â”€â”¼â”€â”€â”€â”€â”€â”€â”¼â”€â”€â”€â”€â”€â”€â”€â”€â”€â”€â”€â”€â”¤
2025-08-28T16:49:49.831942Z	â”‚ pages/directions.astro.mjs                     â”‚ esm  â”‚ 0.06 KiB   â”‚
2025-08-28T16:49:49.8321Z	â”œâ”€â”€â”€â”€â”€â”€â”€â”€â”€â”€â”€â”€â”€â”€â”€â”€â”€â”€â”€â”€â”€â”€â”€â”€â”€â”€â”€â”€â”€â”€â”€â”€â”€â”€â”€â”€â”€â”€â”€â”€â”€â”€â”€â”€â”€â”€â”€â”€â”¼â”€â”€â”€â”€â”€â”€â”¼â”€â”€â”€â”€â”€â”€â”€â”€â”€â”€â”€â”€â”¤
2025-08-28T16:49:49.832244Z	â”‚ pages/facilities.astro.mjs                     â”‚ esm  â”‚ 0.06 KiB   â”‚
2025-08-28T16:49:49.832441Z	â”œâ”€â”€â”€â”€â”€â”€â”€â”€â”€â”€â”€â”€â”€â”€â”€â”€â”€â”€â”€â”€â”€â”€â”€â”€â”€â”€â”€â”€â”€â”€â”€â”€â”€â”€â”€â”€â”€â”€â”€â”€â”€â”€â”€â”€â”€â”€â”€â”€â”¼â”€â”€â”€â”€â”€â”€â”¼â”€â”€â”€â”€â”€â”€â”€â”€â”€â”€â”€â”€â”¤
2025-08-28T16:49:49.832619Z	â”‚ pages/gallery.astro.mjs                        â”‚ esm  â”‚ 14.35 KiB  â”‚
2025-08-28T16:49:49.83269Z	â”œâ”€â”€â”€â”€â”€â”€â”€â”€â”€â”€â”€â”€â”€â”€â”€â”€â”€â”€â”€â”€â”€â”€â”€â”€â”€â”€â”€â”€â”€â”€â”€â”€â”€â”€â”€â”€â”€â”€â”€â”€â”€â”€â”€â”€â”€â”€â”€â”€â”¼â”€â”€â”€â”€â”€â”€â”¼â”€â”€â”€â”€â”€â”€â”€â”€â”€â”€â”€â”€â”¤
2025-08-28T16:49:49.832806Z	â”‚ pages/index.astro.mjs                          â”‚ esm  â”‚ 0.06 KiB   â”‚
2025-08-28T16:49:49.832993Z	â”œâ”€â”€â”€â”€â”€â”€â”€â”€â”€â”€â”€â”€â”€â”€â”€â”€â”€â”€â”€â”€â”€â”€â”€â”€â”€â”€â”€â”€â”€â”€â”€â”€â”€â”€â”€â”€â”€â”€â”€â”€â”€â”€â”€â”€â”€â”€â”€â”€â”¼â”€â”€â”€â”€â”€â”€â”¼â”€â”€â”€â”€â”€â”€â”€â”€â”€â”€â”€â”€â”¤
2025-08-28T16:49:49.833078Z	â”‚ pages/preview.astro.mjs                        â”‚ esm  â”‚ 0.06 KiB   â”‚
2025-08-28T16:49:49.833313Z	â”œâ”€â”€â”€â”€â”€â”€â”€â”€â”€â”€â”€â”€â”€â”€â”€â”€â”€â”€â”€â”€â”€â”€â”€â”€â”€â”€â”€â”€â”€â”€â”€â”€â”€â”€â”€â”€â”€â”€â”€â”€â”€â”€â”€â”€â”€â”€â”€â”€â”¼â”€â”€â”€â”€â”€â”€â”¼â”€â”€â”€â”€â”€â”€â”€â”€â”€â”€â”€â”€â”¤
2025-08-28T16:49:49.833437Z	â”‚ pages/reviews.astro.mjs                        â”‚ esm  â”‚ 0.06 KiB   â”‚
2025-08-28T16:49:49.833536Z	â”œâ”€â”€â”€â”€â”€â”€â”€â”€â”€â”€â”€â”€â”€â”€â”€â”€â”€â”€â”€â”€â”€â”€â”€â”€â”€â”€â”€â”€â”€â”€â”€â”€â”€â”€â”€â”€â”€â”€â”€â”€â”€â”€â”€â”€â”€â”€â”€â”€â”¼â”€â”€â”€â”€â”€â”€â”¼â”€â”€â”€â”€â”€â”€â”€â”€â”€â”€â”€â”€â”¤
2025-08-28T16:49:49.83364Z	â”‚ pages/static-caravans.astro.mjs                â”‚ esm  â”‚ 0.06 KiB   â”‚
2025-08-28T16:49:49.833771Z	â”œâ”€â”€â”€â”€â”€â”€â”€â”€â”€â”€â”€â”€â”€â”€â”€â”€â”€â”€â”€â”€â”€â”€â”€â”€â”€â”€â”€â”€â”€â”€â”€â”€â”€â”€â”€â”€â”€â”€â”€â”€â”€â”€â”€â”€â”€â”€â”€â”€â”¼â”€â”€â”€â”€â”€â”€â”¼â”€â”€â”€â”€â”€â”€â”€â”€â”€â”€â”€â”€â”¤
2025-08-28T16:49:49.833888Z	â”‚ pages/tariff.astro.mjs                         â”‚ esm  â”‚ 0.06 KiB   â”‚
2025-08-28T16:49:49.83401Z	â”œâ”€â”€â”€â”€â”€â”€â”€â”€â”€â”€â”€â”€â”€â”€â”€â”€â”€â”€â”€â”€â”€â”€â”€â”€â”€â”€â”€â”€â”€â”€â”€â”€â”€â”€â”€â”€â”€â”€â”€â”€â”€â”€â”€â”€â”€â”€â”€â”€â”¼â”€â”€â”€â”€â”€â”€â”¼â”€â”€â”€â”€â”€â”€â”€â”€â”€â”€â”€â”€â”¤
2025-08-28T16:49:49.834153Z	â”‚ renderers.mjs                                  â”‚ esm  â”‚ 0.10 KiB   â”‚
2025-08-28T16:49:49.834282Z	â”œâ”€â”€â”€â”€â”€â”€â”€â”€â”€â”€â”€â”€â”€â”€â”€â”€â”€â”€â”€â”€â”€â”€â”€â”€â”€â”€â”€â”€â”€â”€â”€â”€â”€â”€â”€â”€â”€â”€â”€â”€â”€â”€â”€â”€â”€â”€â”€â”€â”¼â”€â”€â”€â”€â”€â”€â”¼â”€â”€â”€â”€â”€â”€â”€â”€â”€â”€â”€â”€â”¤
2025-08-28T16:49:49.834399Z	â”‚ Total (57 modules)                             â”‚      â”‚ 834.60 KiB â”‚
2025-08-28T16:49:49.834516Z	â””â”€â”€â”€â”€â”€â”€â”€â”€â”€â”€â”€â”€â”€â”€â”€â”€â”€â”€â”€â”€â”€â”€â”€â”€â”€â”€â”€â”€â”€â”€â”€â”€â”€â”€â”€â”€â”€â”€â”€â”€â”€â”€â”€â”€â”€â”€â”€â”€â”´â”€â”€â”€â”€â”€â”€â”´â”€â”€â”€â”€â”€â”€â”€â”€â”€â”€â”€â”€â”˜
2025-08-28T16:49:49.901779Z	âœ¨ Compiled Worker successfully
2025-08-28T16:49:51.042295Z	Found _routes.json in output directory. Uploading.
2025-08-28T16:49:51.054607Z	Validating asset output directory
2025-08-28T16:49:54.496021Z	Deploying your site to Cloudflare's global network...
2025-08-28T16:49:57.272532Z	Parsed 9 valid redirect rules.
2025-08-28T16:49:58.762862Z	Uploading... (29/29)
2025-08-28T16:49:58.76378Z	âœ¨ Success! Uploaded 0 files (29 already uploaded) (0.41 sec)
2025-08-28T16:49:58.763987Z	
2025-08-28T16:49:59.323409Z	âœ¨ Upload complete!
2025-08-28T16:50:07.463644Z	Success: Assets published!
2025-08-28T16:50:09.438798Z	Success: Your site was deployed!